0 info it worked if it ends with ok
1 verbose cli [ '/usr/bin/node', '/usr/bin/npm', 'start' ]
2 info using npm@1.4.28
3 info using node@v0.10.35
4 verbose node symlink /usr/bin/node
5 verbose run-script [ 'prestart', 'start', 'poststart' ]
6 info prestart intouch-mark@0.0.0
7 info start intouch-mark@0.0.0
8 verbose unsafe-perm in lifecycle true
9 info intouch-mark@0.0.0 Failed to exec start script
10 error intouch-mark@0.0.0 start: `node server.js`
10 error Exit status 8
11 error Failed at the intouch-mark@0.0.0 start script.
11 error This is most likely a problem with the intouch-mark package,
11 error not with npm itself.
11 error Tell the author that this fails on your system:
11 error     node server.js
11 error You can get their info via:
11 error     npm owner ls intouch-mark
11 error There is likely additional logging output above.
12 error System Linux 3.2.0-23-generic-pae
13 error command "/usr/bin/node" "/usr/bin/npm" "start"
14 error cwd /home/vagrant/app
15 error node -v v0.10.35
16 error npm -v 1.4.28
17 error code ELIFECYCLE
18 verbose exit [ 1, true ]
